<?xml version="1.0" ?>
<!DOCTYPE coverage
  SYSTEM 'http://cobertura.sourceforge.net/xml/coverage-03.dtd'>
<coverage branch-rate="0.0" line-rate="0.428355957768" timestamp="1254094712775" version="3.1b1">
	<!-- Generated by coverage.py: http://nedbatchelder.com/code/coverage -->
	<packages>
		<package branch-rate="0.0" complexity="0.0" line-rate="0.436538461538" name="cogapp">
			<classes>
				<class branch-rate="0.0" complexity="0.0" filename="cogapp.py" line-rate="0.565891472868" name="cogapp">
					<methods/>
					<lines>
						<line hits="1" number="7"/>
						<line hits="1" number="8"/>
						<line hits="1" number="11"/>
						<line hits="1" number="12"/>
						<line hits="1" number="13"/>
						<line hits="0" number="14"/>
						<line hits="0" number="15"/>
						<line hits="0" number="16"/>
						<line hits="1" number="18"/>
						<line hits="1" number="20"/>
						<line hits="1" number="22"/>
						<line hits="1" number="50"/>
						<line hits="1" number="52"/>
						<line hits="1" number="55"/>
						<line hits="1" number="56"/>
						<line hits="1" number="57"/>
						<line hits="0" number="59"/>
						<line hits="1" number="61"/>
						<line hits="1" number="66"/>
						<line hits="1" number="71"/>
						<line hits="1" number="76"/>
						<line hits="1" number="79"/>
						<line hits="1" number="80"/>
						<line hits="1" number="81"/>
						<line hits="1" number="83"/>
						<line hits="1" number="86"/>
						<line hits="1" number="87"/>
						<line hits="1" number="88"/>
						<line hits="0" number="89"/>
						<line hits="1" number="91"/>
						<line hits="1" number="94"/>
						<line hits="1" number="95"/>
						<line hits="1" number="96"/>
						<line hits="1" number="97"/>
						<line hits="1" number="99"/>
						<line hits="1" number="100"/>
						<line hits="1" number="102"/>
						<line hits="1" number="103"/>
						<line hits="1" number="105"/>
						<line hits="1" number="111"/>
						<line hits="1" number="112"/>
						<line hits="1" number="113"/>
						<line hits="1" number="114"/>
						<line hits="1" number="116"/>
						<line hits="1" number="118"/>
						<line hits="1" number="120"/>
						<line hits="1" number="122"/>
						<line hits="1" number="123"/>
						<line hits="1" number="124"/>
						<line hits="1" number="127"/>
						<line hits="1" number="128"/>
						<line hits="1" number="131"/>
						<line hits="1" number="132"/>
						<line hits="1" number="133"/>
						<line hits="1" number="134"/>
						<line hits="1" number="136"/>
						<line hits="1" number="137"/>
						<line hits="1" number="142"/>
						<line hits="1" number="143"/>
						<line hits="1" number="145"/>
						<line hits="1" number="147"/>
						<line hits="0" number="148"/>
						<line hits="1" number="150"/>
						<line hits="1" number="153"/>
						<line hits="1" number="154"/>
						<line hits="1" number="155"/>
						<line hits="1" number="156"/>
						<line hits="1" number="157"/>
						<line hits="1" number="158"/>
						<line hits="1" number="159"/>
						<line hits="1" number="160"/>
						<line hits="1" number="161"/>
						<line hits="1" number="162"/>
						<line hits="1" number="164"/>
						<line hits="1" number="167"/>
						<line hits="1" number="168"/>
						<line hits="1" number="170"/>
						<line hits="0" number="176"/>
						<line hits="1" number="179"/>
						<line hits="1" number="182"/>
						<line hits="1" number="183"/>
						<line hits="1" number="184"/>
						<line hits="1" number="186"/>
						<line hits="1" number="187"/>
						<line hits="1" number="188"/>
						<line hits="1" number="189"/>
						<line hits="1" number="190"/>
						<line hits="1" number="192"/>
						<line hits="1" number="193"/>
						<line hits="1" number="196"/>
						<line hits="1" number="199"/>
						<line hits="1" number="201"/>
						<line hits="1" number="202"/>
						<line hits="1" number="203"/>
						<line hits="1" number="204"/>
						<line hits="1" number="205"/>
						<line hits="1" number="206"/>
						<line hits="1" number="207"/>
						<line hits="1" number="208"/>
						<line hits="1" number="209"/>
						<line hits="1" number="210"/>
						<line hits="1" number="211"/>
						<line hits="1" number="212"/>
						<line hits="1" number="213"/>
						<line hits="1" number="214"/>
						<line hits="1" number="216"/>
						<line hits="0" number="219"/>
						<line hits="1" number="221"/>
						<line hits="0" number="224"/>
						<line hits="1" number="226"/>
						<line hits="0" number="229"/>
						<line hits="0" number="230"/>
						<line hits="1" number="232"/>
						<line hits="0" number="234"/>
						<line hits="0" number="235"/>
						<line hits="0" number="236"/>
						<line hits="0" number="237"/>
						<line hits="0" number="240"/>
						<line hits="0" number="241"/>
						<line hits="0" number="242"/>
						<line hits="0" number="243"/>
						<line hits="0" number="244"/>
						<line hits="0" number="245"/>
						<line hits="0" number="246"/>
						<line hits="0" number="247"/>
						<line hits="0" number="248"/>
						<line hits="0" number="249"/>
						<line hits="0" number="250"/>
						<line hits="0" number="251"/>
						<line hits="0" number="252"/>
						<line hits="0" number="253"/>
						<line hits="0" number="254"/>
						<line hits="0" number="255"/>
						<line hits="0" number="256"/>
						<line hits="0" number="257"/>
						<line hits="0" number="258"/>
						<line hits="0" number="259"/>
						<line hits="0" number="260"/>
						<line hits="0" number="261"/>
						<line hits="0" number="262"/>
						<line hits="0" number="263"/>
						<line hits="0" number="264"/>
						<line hits="0" number="265"/>
						<line hits="0" number="266"/>
						<line hits="0" number="267"/>
						<line hits="0" number="268"/>
						<line hits="0" number="269"/>
						<line hits="0" number="273"/>
						<line hits="1" number="275"/>
						<line hits="0" number="278"/>
						<line hits="0" number="279"/>
						<line hits="0" number="281"/>
						<line hits="0" number="282"/>
						<line hits="1" number="285"/>
						<line hits="1" number="288"/>
						<line hits="1" number="289"/>
						<line hits="1" number="290"/>
						<line hits="1" number="291"/>
						<line hits="1" number="292"/>
						<line hits="1" number="293"/>
						<line hits="1" number="294"/>
						<line hits="1" number="296"/>
						<line hits="1" number="297"/>
						<line hits="1" number="299"/>
						<line hits="1" number="301"/>
						<line hits="0" number="302"/>
						<line hits="1" number="304"/>
						<line hits="1" number="305"/>
						<line hits="1" number="307"/>
						<line hits="1" number="308"/>
						<line hits="1" number="311"/>
						<line hits="1" number="312"/>
						<line hits="1" number="314"/>
						<line hits="1" number="318"/>
						<line hits="1" number="319"/>
						<line hits="1" number="320"/>
						<line hits="1" number="322"/>
						<line hits="1" number="327"/>
						<line hits="1" number="328"/>
						<line hits="1" number="329"/>
						<line hits="1" number="331"/>
						<line hits="0" number="333"/>
						<line hits="0" number="334"/>
						<line hits="1" number="335"/>
						<line hits="0" number="337"/>
						<line hits="0" number="338"/>
						<line hits="1" number="340"/>
						<line hits="1" number="341"/>
						<line hits="1" number="343"/>
						<line hits="1" number="345"/>
						<line hits="1" number="346"/>
						<line hits="1" number="349"/>
						<line hits="1" number="350"/>
						<line hits="1" number="353"/>
						<line hits="1" number="356"/>
						<line hits="1" number="357"/>
						<line hits="1" number="359"/>
						<line hits="1" number="360"/>
						<line hits="0" number="361"/>
						<line hits="1" number="363"/>
						<line hits="0" number="364"/>
						<line hits="1" number="366"/>
						<line hits="1" number="367"/>
						<line hits="1" number="368"/>
						<line hits="1" number="369"/>
						<line hits="1" number="370"/>
						<line hits="1" number="371"/>
						<line hits="1" number="374"/>
						<line hits="1" number="375"/>
						<line hits="1" number="376"/>
						<line hits="1" number="377"/>
						<line hits="1" number="378"/>
						<line hits="1" number="382"/>
						<line hits="1" number="383"/>
						<line hits="1" number="384"/>
						<line hits="1" number="385"/>
						<line hits="1" number="386"/>
						<line hits="1" number="389"/>
						<line hits="1" number="390"/>
						<line hits="1" number="393"/>
						<line hits="1" number="396"/>
						<line hits="1" number="397"/>
						<line hits="0" number="398"/>
						<line hits="1" number="400"/>
						<line hits="0" number="401"/>
						<line hits="1" number="403"/>
						<line hits="1" number="404"/>
						<line hits="1" number="405"/>
						<line hits="1" number="406"/>
						<line hits="1" number="407"/>
						<line hits="0" number="408"/>
						<line hits="1" number="412"/>
						<line hits="1" number="413"/>
						<line hits="1" number="414"/>
						<line hits="1" number="416"/>
						<line hits="1" number="420"/>
						<line hits="1" number="421"/>
						<line hits="1" number="422"/>
						<line hits="0" number="423"/>
						<line hits="1" number="425"/>
						<line hits="0" number="426"/>
						<line hits="1" number="428"/>
						<line hits="1" number="429"/>
						<line hits="1" number="430"/>
						<line hits="1" number="432"/>
						<line hits="0" number="434"/>
						<line hits="1" number="439"/>
						<line hits="1" number="440"/>
						<line hits="1" number="441"/>
						<line hits="1" number="442"/>
						<line hits="1" number="443"/>
						<line hits="1" number="444"/>
						<line hits="1" number="445"/>
						<line hits="1" number="446"/>
						<line hits="1" number="448"/>
						<line hits="1" number="451"/>
						<line hits="1" number="452"/>
						<line hits="0" number="453"/>
						<line hits="0" number="454"/>
						<line hits="0" number="455"/>
						<line hits="0" number="456"/>
						<line hits="0" number="459"/>
						<line hits="0" number="462"/>
						<line hits="0" number="463"/>
						<line hits="1" number="467"/>
						<line hits="0" number="468"/>
						<line hits="1" number="470"/>
						<line hits="1" number="471"/>
						<line hits="1" number="472"/>
						<line hits="1" number="474"/>
						<line hits="0" number="475"/>
						<line hits="1" number="477"/>
						<line hits="0" number="478"/>
						<line hits="1" number="479"/>
						<line hits="0" number="480"/>
						<line hits="1" number="484"/>
						<line hits="1" number="486"/>
						<line hits="1" number="490"/>
						<line hits="0" number="492"/>
						<line hits="0" number="493"/>
						<line hits="1" number="494"/>
						<line hits="1" number="496"/>
						<line hits="1" number="500"/>
						<line hits="1" number="501"/>
						<line hits="1" number="502"/>
						<line hits="1" number="503"/>
						<line hits="1" number="505"/>
						<line hits="0" number="508"/>
						<line hits="0" number="510"/>
						<line hits="0" number="512"/>
						<line hits="0" number="513"/>
						<line hits="0" number="514"/>
						<line hits="0" number="515"/>
						<line hits="0" number="518"/>
						<line hits="0" number="519"/>
						<line hits="0" number="520"/>
						<line hits="0" number="521"/>
						<line hits="1" number="523"/>
						<line hits="0" number="524"/>
						<line hits="0" number="525"/>
						<line hits="1" number="527"/>
						<line hits="0" number="528"/>
						<line hits="0" number="529"/>
						<line hits="0" number="530"/>
						<line hits="1" number="532"/>
						<line hits="0" number="533"/>
						<line hits="0" number="534"/>
						<line hits="1" number="536"/>
						<line hits="0" number="540"/>
						<line hits="0" number="542"/>
						<line hits="0" number="543"/>
						<line hits="0" number="546"/>
						<line hits="0" number="550"/>
						<line hits="0" number="551"/>
						<line hits="0" number="552"/>
						<line hits="0" number="555"/>
						<line hits="0" number="556"/>
						<line hits="0" number="557"/>
						<line hits="0" number="560"/>
						<line hits="0" number="561"/>
						<line hits="0" number="563"/>
						<line hits="0" number="564"/>
						<line hits="0" number="565"/>
						<line hits="0" number="566"/>
						<line hits="0" number="567"/>
						<line hits="0" number="568"/>
						<line hits="0" number="569"/>
						<line hits="0" number="570"/>
						<line hits="0" number="571"/>
						<line hits="0" number="577"/>
						<line hits="0" number="578"/>
						<line hits="0" number="580"/>
						<line hits="0" number="582"/>
						<line hits="1" number="584"/>
						<line hits="0" number="587"/>
						<line hits="0" number="588"/>
						<line hits="0" number="589"/>
						<line hits="0" number="590"/>
						<line hits="0" number="592"/>
						<line hits="0" number="593"/>
						<line hits="0" number="594"/>
						<line hits="0" number="596"/>
						<line hits="0" number="597"/>
						<line hits="0" number="598"/>
						<line hits="0" number="599"/>
						<line hits="1" number="601"/>
						<line hits="0" number="604"/>
						<line hits="0" number="605"/>
						<line hits="0" number="607"/>
						<line hits="0" number="608"/>
						<line hits="0" number="610"/>
						<line hits="0" number="611"/>
						<line hits="0" number="612"/>
						<line hits="0" number="613"/>
						<line hits="0" number="615"/>
						<line hits="0" number="617"/>
						<line hits="1" number="619"/>
						<line hits="0" number="624"/>
						<line hits="0" number="627"/>
						<line hits="0" number="628"/>
						<line hits="0" number="629"/>
						<line hits="0" number="631"/>
						<line hits="0" number="632"/>
						<line hits="0" number="634"/>
						<line hits="0" number="635"/>
						<line hits="0" number="636"/>
						<line hits="0" number="638"/>
						<line hits="0" number="639"/>
						<line hits="0" number="640"/>
						<line hits="0" number="642"/>
						<line hits="1" number="644"/>
						<line hits="0" number="648"/>
						<line hits="0" number="649"/>
						<line hits="0" number="650"/>
						<line hits="0" number="651"/>
						<line hits="0" number="652"/>
						<line hits="0" number="653"/>
						<line hits="0" number="654"/>
						<line hits="0" number="655"/>
						<line hits="0" number="656"/>
						<line hits="0" number="657"/>
						<line hits="0" number="658"/>
						<line hits="0" number="659"/>
						<line hits="0" number="660"/>
						<line hits="0" number="661"/>
						<line hits="0" number="662"/>
						<line hits="0" number="663"/>
					</lines>
				</class>
				<class branch-rate="0.0" complexity="0.0" filename="makefiles.py" line-rate="0.206896551724" name="makefiles">
					<methods/>
					<lines>
						<line hits="1" number="7"/>
						<line hits="1" number="8"/>
						<line hits="1" number="10"/>
						<line hits="1" number="11"/>
						<line hits="1" number="13"/>
						<line hits="0" number="16"/>
						<line hits="0" number="17"/>
						<line hits="0" number="18"/>
						<line hits="0" number="19"/>
						<line hits="0" number="20"/>
						<line hits="0" number="21"/>
						<line hits="0" number="22"/>
						<line hits="0" number="23"/>
						<line hits="0" number="24"/>
						<line hits="0" number="25"/>
						<line hits="0" number="26"/>
						<line hits="0" number="27"/>
						<line hits="0" number="29"/>
						<line hits="0" number="30"/>
						<line hits="0" number="31"/>
						<line hits="1" number="33"/>
						<line hits="0" number="37"/>
						<line hits="0" number="38"/>
						<line hits="0" number="39"/>
						<line hits="0" number="40"/>
						<line hits="0" number="41"/>
						<line hits="0" number="43"/>
						<line hits="0" number="44"/>
						<line hits="0" number="45"/>
					</lines>
				</class>
				<class branch-rate="0.0" complexity="0.0" filename="test_cogapp.py" line-rate="0.332197614991" name="test_cogapp">
					<methods/>
					<lines>
						<line hits="1" number="7"/>
						<line hits="1" number="8"/>
						<line hits="1" number="9"/>
						<line hits="1" number="10"/>
						<line hits="1" number="11"/>
						<line hits="1" number="12"/>
						<line hits="1" number="13"/>
						<line hits="1" number="14"/>
						<line hits="1" number="16"/>
						<line hits="1" number="19"/>
						<line hits="1" number="23"/>
						<line hits="1" number="24"/>
						<line hits="1" number="25"/>
						<line hits="1" number="26"/>
						<line hits="1" number="27"/>
						<line hits="1" number="30"/>
						<line hits="1" number="32"/>
						<line hits="1" number="43"/>
						<line hits="1" number="47"/>
						<line hits="1" number="48"/>
						<line hits="1" number="56"/>
						<line hits="1" number="57"/>
						<line hits="1" number="59"/>
						<line hits="1" number="60"/>
						<line hits="1" number="72"/>
						<line hits="1" number="86"/>
						<line hits="1" number="88"/>
						<line hits="1" number="91"/>
						<line hits="1" number="99"/>
						<line hits="1" number="100"/>
						<line hits="1" number="102"/>
						<line hits="1" number="104"/>
						<line hits="1" number="123"/>
						<line hits="1" number="124"/>
						<line hits="1" number="126"/>
						<line hits="1" number="127"/>
						<line hits="1" number="141"/>
						<line hits="1" number="142"/>
						<line hits="1" number="144"/>
						<line hits="1" number="145"/>
						<line hits="1" number="160"/>
						<line hits="1" number="161"/>
						<line hits="1" number="163"/>
						<line hits="1" number="166"/>
						<line hits="1" number="178"/>
						<line hits="1" number="179"/>
						<line hits="1" number="181"/>
						<line hits="1" number="182"/>
						<line hits="1" number="196"/>
						<line hits="1" number="197"/>
						<line hits="1" number="199"/>
						<line hits="1" number="200"/>
						<line hits="1" number="212"/>
						<line hits="1" number="213"/>
						<line hits="1" number="215"/>
						<line hits="1" number="216"/>
						<line hits="1" number="229"/>
						<line hits="1" number="230"/>
						<line hits="1" number="232"/>
						<line hits="1" number="233"/>
						<line hits="1" number="247"/>
						<line hits="1" number="248"/>
						<line hits="1" number="250"/>
						<line hits="1" number="253"/>
						<line hits="1" number="265"/>
						<line hits="1" number="266"/>
						<line hits="1" number="268"/>
						<line hits="1" number="270"/>
						<line hits="1" number="279"/>
						<line hits="1" number="280"/>
						<line hits="1" number="282"/>
						<line hits="1" number="286"/>
						<line hits="1" number="299"/>
						<line hits="1" number="300"/>
						<line hits="1" number="302"/>
						<line hits="1" number="306"/>
						<line hits="1" number="324"/>
						<line hits="1" number="325"/>
						<line hits="1" number="327"/>
						<line hits="1" number="328"/>
						<line hits="1" number="343"/>
						<line hits="1" number="344"/>
						<line hits="1" number="346"/>
						<line hits="1" number="347"/>
						<line hits="1" number="355"/>
						<line hits="1" number="363"/>
						<line hits="1" number="364"/>
						<line hits="1" number="366"/>
						<line hits="1" number="367"/>
						<line hits="1" number="374"/>
						<line hits="1" number="379"/>
						<line hits="1" number="380"/>
						<line hits="1" number="390"/>
						<line hits="1" number="401"/>
						<line hits="1" number="402"/>
						<line hits="1" number="404"/>
						<line hits="1" number="408"/>
						<line hits="0" number="409"/>
						<line hits="0" number="410"/>
						<line hits="0" number="411"/>
						<line hits="0" number="412"/>
						<line hits="0" number="413"/>
						<line hits="0" number="414"/>
						<line hits="0" number="415"/>
						<line hits="1" number="417"/>
						<line hits="0" number="418"/>
						<line hits="0" number="419"/>
						<line hits="0" number="420"/>
						<line hits="0" number="421"/>
						<line hits="0" number="422"/>
						<line hits="0" number="423"/>
						<line hits="0" number="424"/>
						<line hits="0" number="425"/>
						<line hits="0" number="426"/>
						<line hits="1" number="428"/>
						<line hits="0" number="430"/>
						<line hits="0" number="431"/>
						<line hits="0" number="432"/>
						<line hits="0" number="433"/>
						<line hits="0" number="434"/>
						<line hits="1" number="436"/>
						<line hits="1" number="441"/>
						<line hits="0" number="442"/>
						<line hits="0" number="443"/>
						<line hits="1" number="447"/>
						<line hits="0" number="448"/>
						<line hits="0" number="453"/>
						<line hits="1" number="455"/>
						<line hits="0" number="456"/>
						<line hits="0" number="462"/>
						<line hits="0" number="464"/>
						<line hits="0" number="473"/>
						<line hits="1" number="475"/>
						<line hits="0" number="476"/>
						<line hits="0" number="479"/>
						<line hits="0" number="481"/>
						<line hits="0" number="488"/>
						<line hits="1" number="490"/>
						<line hits="0" number="491"/>
						<line hits="0" number="494"/>
						<line hits="0" number="496"/>
						<line hits="0" number="503"/>
						<line hits="1" number="505"/>
						<line hits="0" number="506"/>
						<line hits="0" number="511"/>
						<line hits="0" number="513"/>
						<line hits="0" number="522"/>
						<line hits="1" number="524"/>
						<line hits="0" number="525"/>
						<line hits="0" number="532"/>
						<line hits="0" number="534"/>
						<line hits="0" number="545"/>
						<line hits="1" number="547"/>
						<line hits="0" number="548"/>
						<line hits="0" number="555"/>
						<line hits="0" number="557"/>
						<line hits="0" number="568"/>
						<line hits="1" number="570"/>
						<line hits="1" number="574"/>
						<line hits="0" number="575"/>
						<line hits="0" number="580"/>
						<line hits="0" number="581"/>
						<line hits="1" number="585"/>
						<line hits="0" number="586"/>
						<line hits="0" number="591"/>
						<line hits="0" number="592"/>
						<line hits="1" number="596"/>
						<line hits="0" number="597"/>
						<line hits="0" number="611"/>
						<line hits="0" number="612"/>
						<line hits="1" number="614"/>
						<line hits="1" number="619"/>
						<line hits="0" number="623"/>
						<line hits="0" number="624"/>
						<line hits="0" number="625"/>
						<line hits="1" number="627"/>
						<line hits="0" number="628"/>
						<line hits="0" number="629"/>
						<line hits="0" number="630"/>
						<line hits="1" number="632"/>
						<line hits="0" number="633"/>
						<line hits="0" number="634"/>
						<line hits="0" number="635"/>
						<line hits="0" number="636"/>
						<line hits="0" number="637"/>
						<line hits="1" number="639"/>
						<line hits="0" number="641"/>
						<line hits="0" number="642"/>
						<line hits="0" number="643"/>
						<line hits="0" number="644"/>
						<line hits="0" number="645"/>
						<line hits="1" number="647"/>
						<line hits="0" number="649"/>
						<line hits="0" number="650"/>
						<line hits="0" number="651"/>
						<line hits="0" number="652"/>
						<line hits="0" number="653"/>
						<line hits="1" number="655"/>
						<line hits="0" number="657"/>
						<line hits="0" number="658"/>
						<line hits="0" number="659"/>
						<line hits="0" number="660"/>
						<line hits="0" number="661"/>
						<line hits="1" number="663"/>
						<line hits="0" number="665"/>
						<line hits="0" number="666"/>
						<line hits="0" number="667"/>
						<line hits="0" number="668"/>
						<line hits="0" number="669"/>
						<line hits="1" number="671"/>
						<line hits="0" number="674"/>
						<line hits="0" number="675"/>
						<line hits="0" number="676"/>
						<line hits="0" number="677"/>
						<line hits="0" number="678"/>
						<line hits="0" number="679"/>
						<line hits="1" number="681"/>
						<line hits="1" number="683"/>
						<line hits="0" number="687"/>
						<line hits="0" number="688"/>
						<line hits="0" number="689"/>
						<line hits="1" number="691"/>
						<line hits="0" number="693"/>
						<line hits="0" number="694"/>
						<line hits="0" number="695"/>
						<line hits="0" number="696"/>
						<line hits="0" number="697"/>
						<line hits="1" number="699"/>
						<line hits="0" number="700"/>
						<line hits="0" number="702"/>
						<line hits="1" number="704"/>
						<line hits="0" number="705"/>
						<line hits="1" number="707"/>
						<line hits="0" number="708"/>
						<line hits="0" number="709"/>
						<line hits="0" number="710"/>
						<line hits="0" number="711"/>
						<line hits="0" number="713"/>
						<line hits="0" number="714"/>
						<line hits="1" number="717"/>
						<line hits="1" number="719"/>
						<line hits="0" number="721"/>
						<line hits="0" number="722"/>
						<line hits="0" number="723"/>
						<line hits="0" number="724"/>
						<line hits="0" number="725"/>
						<line hits="1" number="727"/>
						<line hits="0" number="728"/>
						<line hits="0" number="734"/>
						<line hits="0" number="735"/>
						<line hits="1" number="737"/>
						<line hits="0" number="738"/>
						<line hits="0" number="739"/>
						<line hits="0" number="740"/>
						<line hits="1" number="742"/>
						<line hits="0" number="743"/>
						<line hits="0" number="744"/>
						<line hits="0" number="745"/>
						<line hits="0" number="746"/>
						<line hits="1" number="748"/>
						<line hits="0" number="750"/>
						<line hits="0" number="751"/>
						<line hits="0" number="752"/>
						<line hits="0" number="753"/>
						<line hits="1" number="755"/>
						<line hits="0" number="756"/>
						<line hits="0" number="762"/>
						<line hits="0" number="763"/>
						<line hits="1" number="765"/>
						<line hits="0" number="766"/>
						<line hits="0" number="789"/>
						<line hits="0" number="790"/>
						<line hits="0" number="793"/>
						<line hits="0" number="794"/>
						<line hits="0" number="795"/>
						<line hits="1" number="797"/>
						<line hits="0" number="798"/>
						<line hits="0" number="799"/>
						<line hits="1" number="802"/>
						<line hits="1" number="804"/>
						<line hits="0" number="805"/>
						<line hits="0" number="830"/>
						<line hits="0" number="831"/>
						<line hits="0" number="832"/>
						<line hits="0" number="833"/>
						<line hits="0" number="834"/>
						<line hits="1" number="836"/>
						<line hits="0" number="838"/>
						<line hits="0" number="863"/>
						<line hits="0" number="864"/>
						<line hits="0" number="865"/>
						<line hits="1" number="867"/>
						<line hits="0" number="868"/>
						<line hits="0" number="907"/>
						<line hits="0" number="908"/>
						<line hits="0" number="909"/>
						<line hits="0" number="910"/>
						<line hits="0" number="911"/>
						<line hits="0" number="912"/>
						<line hits="1" number="914"/>
						<line hits="0" number="915"/>
						<line hits="0" number="958"/>
						<line hits="0" number="959"/>
						<line hits="0" number="960"/>
						<line hits="0" number="961"/>
						<line hits="0" number="962"/>
						<line hits="0" number="963"/>
						<line hits="1" number="965"/>
						<line hits="0" number="966"/>
						<line hits="0" number="1002"/>
						<line hits="0" number="1003"/>
						<line hits="0" number="1004"/>
						<line hits="0" number="1005"/>
						<line hits="1" number="1007"/>
						<line hits="0" number="1008"/>
						<line hits="0" number="1024"/>
						<line hits="0" number="1025"/>
						<line hits="1" number="1027"/>
						<line hits="0" number="1028"/>
						<line hits="0" number="1066"/>
						<line hits="0" number="1067"/>
						<line hits="0" number="1068"/>
						<line hits="0" number="1069"/>
						<line hits="0" number="1070"/>
						<line hits="1" number="1073"/>
						<line hits="1" number="1076"/>
						<line hits="1" number="1085"/>
						<line hits="1" number="1094"/>
						<line hits="0" number="1095"/>
						<line hits="0" number="1096"/>
						<line hits="0" number="1097"/>
						<line hits="1" number="1099"/>
						<line hits="0" number="1100"/>
						<line hits="0" number="1101"/>
						<line hits="0" number="1102"/>
						<line hits="1" number="1104"/>
						<line hits="0" number="1105"/>
						<line hits="0" number="1106"/>
						<line hits="0" number="1107"/>
						<line hits="1" number="1109"/>
						<line hits="0" number="1110"/>
						<line hits="0" number="1111"/>
						<line hits="0" number="1112"/>
						<line hits="1" number="1115"/>
						<line hits="1" number="1121"/>
						<line hits="0" number="1122"/>
						<line hits="0" number="1123"/>
						<line hits="1" number="1125"/>
						<line hits="0" number="1126"/>
						<line hits="0" number="1131"/>
						<line hits="0" number="1132"/>
						<line hits="0" number="1133"/>
						<line hits="1" number="1136"/>
						<line hits="1" number="1137"/>
						<line hits="1" number="1183"/>
						<line hits="0" number="1185"/>
						<line hits="0" number="1186"/>
						<line hits="1" number="1188"/>
						<line hits="0" number="1190"/>
						<line hits="0" number="1191"/>
						<line hits="0" number="1192"/>
						<line hits="1" number="1194"/>
						<line hits="0" number="1196"/>
						<line hits="0" number="1197"/>
						<line hits="0" number="1198"/>
						<line hits="1" number="1200"/>
						<line hits="0" number="1202"/>
						<line hits="0" number="1203"/>
						<line hits="0" number="1204"/>
						<line hits="1" number="1206"/>
						<line hits="0" number="1208"/>
						<line hits="0" number="1209"/>
						<line hits="0" number="1210"/>
						<line hits="1" number="1212"/>
						<line hits="0" number="1213"/>
						<line hits="0" number="1224"/>
						<line hits="0" number="1226"/>
						<line hits="0" number="1227"/>
						<line hits="0" number="1228"/>
						<line hits="0" number="1230"/>
						<line hits="0" number="1231"/>
						<line hits="0" number="1232"/>
						<line hits="0" number="1234"/>
						<line hits="0" number="1235"/>
						<line hits="0" number="1236"/>
						<line hits="0" number="1238"/>
						<line hits="0" number="1239"/>
						<line hits="0" number="1240"/>
						<line hits="0" number="1242"/>
						<line hits="0" number="1243"/>
						<line hits="0" number="1244"/>
						<line hits="0" number="1246"/>
						<line hits="0" number="1247"/>
						<line hits="0" number="1248"/>
						<line hits="0" number="1250"/>
						<line hits="0" number="1251"/>
						<line hits="0" number="1252"/>
						<line hits="1" number="1254"/>
						<line hits="0" number="1257"/>
						<line hits="0" number="1281"/>
						<line hits="0" number="1284"/>
						<line hits="0" number="1285"/>
						<line hits="1" number="1288"/>
						<line hits="1" number="1290"/>
						<line hits="0" number="1292"/>
						<line hits="0" number="1307"/>
						<line hits="0" number="1308"/>
						<line hits="0" number="1309"/>
						<line hits="0" number="1310"/>
						<line hits="0" number="1311"/>
						<line hits="0" number="1312"/>
						<line hits="0" number="1313"/>
						<line hits="0" number="1314"/>
						<line hits="0" number="1315"/>
						<line hits="0" number="1316"/>
						<line hits="0" number="1317"/>
						<line hits="0" number="1318"/>
						<line hits="1" number="1320"/>
						<line hits="0" number="1321"/>
						<line hits="0" number="1347"/>
						<line hits="0" number="1348"/>
						<line hits="0" number="1349"/>
						<line hits="0" number="1350"/>
						<line hits="0" number="1351"/>
						<line hits="0" number="1352"/>
						<line hits="1" number="1354"/>
						<line hits="0" number="1356"/>
						<line hits="0" number="1401"/>
						<line hits="0" number="1402"/>
						<line hits="0" number="1403"/>
						<line hits="0" number="1404"/>
						<line hits="0" number="1405"/>
						<line hits="0" number="1406"/>
						<line hits="1" number="1408"/>
						<line hits="0" number="1409"/>
						<line hits="0" number="1437"/>
						<line hits="0" number="1439"/>
						<line hits="0" number="1440"/>
						<line hits="0" number="1441"/>
						<line hits="0" number="1443"/>
						<line hits="0" number="1444"/>
						<line hits="0" number="1445"/>
						<line hits="0" number="1447"/>
						<line hits="0" number="1448"/>
						<line hits="1" number="1450"/>
						<line hits="0" number="1451"/>
						<line hits="0" number="1457"/>
						<line hits="0" number="1458"/>
						<line hits="0" number="1459"/>
						<line hits="0" number="1460"/>
						<line hits="1" number="1462"/>
						<line hits="0" number="1465"/>
						<line hits="0" number="1479"/>
						<line hits="0" number="1480"/>
						<line hits="0" number="1481"/>
						<line hits="0" number="1482"/>
						<line hits="0" number="1483"/>
						<line hits="0" number="1484"/>
						<line hits="0" number="1485"/>
						<line hits="1" number="1487"/>
						<line hits="0" number="1488"/>
						<line hits="0" number="1507"/>
						<line hits="0" number="1508"/>
						<line hits="0" number="1509"/>
						<line hits="0" number="1510"/>
						<line hits="0" number="1511"/>
						<line hits="0" number="1512"/>
						<line hits="0" number="1513"/>
						<line hits="0" number="1514"/>
						<line hits="0" number="1515"/>
						<line hits="0" number="1516"/>
						<line hits="0" number="1517"/>
						<line hits="0" number="1518"/>
						<line hits="0" number="1519"/>
						<line hits="0" number="1520"/>
						<line hits="0" number="1521"/>
						<line hits="0" number="1522"/>
						<line hits="0" number="1523"/>
						<line hits="0" number="1524"/>
						<line hits="1" number="1526"/>
						<line hits="0" number="1527"/>
						<line hits="0" number="1534"/>
						<line hits="0" number="1535"/>
						<line hits="0" number="1536"/>
						<line hits="0" number="1537"/>
						<line hits="0" number="1538"/>
						<line hits="0" number="1539"/>
						<line hits="0" number="1540"/>
						<line hits="0" number="1541"/>
						<line hits="1" number="1543"/>
						<line hits="0" number="1544"/>
						<line hits="0" number="1564"/>
						<line hits="0" number="1565"/>
						<line hits="0" number="1566"/>
						<line hits="1" number="1568"/>
						<line hits="0" number="1569"/>
						<line hits="0" number="1584"/>
						<line hits="0" number="1585"/>
						<line hits="0" number="1586"/>
						<line hits="1" number="1588"/>
						<line hits="0" number="1589"/>
						<line hits="0" number="1602"/>
						<line hits="0" number="1603"/>
						<line hits="0" number="1604"/>
						<line hits="1" number="1606"/>
						<line hits="1" number="1608"/>
						<line hits="1" number="1638"/>
						<line hits="0" number="1639"/>
						<line hits="0" number="1640"/>
						<line hits="0" number="1641"/>
						<line hits="0" number="1642"/>
						<line hits="0" number="1643"/>
						<line hits="1" number="1645"/>
						<line hits="0" number="1646"/>
						<line hits="0" number="1647"/>
						<line hits="1" number="1649"/>
						<line hits="0" number="1650"/>
						<line hits="0" number="1653"/>
						<line hits="1" number="1655"/>
						<line hits="0" number="1656"/>
						<line hits="0" number="1657"/>
						<line hits="0" number="1658"/>
						<line hits="1" number="1660"/>
						<line hits="0" number="1661"/>
						<line hits="0" number="1662"/>
						<line hits="0" number="1663"/>
						<line hits="1" number="1665"/>
						<line hits="0" number="1666"/>
						<line hits="0" number="1669"/>
						<line hits="1" number="1671"/>
						<line hits="1" number="1673"/>
						<line hits="0" number="1674"/>
						<line hits="0" number="1694"/>
						<line hits="0" number="1695"/>
						<line hits="0" number="1696"/>
						<line hits="1" number="1698"/>
						<line hits="0" number="1699"/>
						<line hits="0" number="1723"/>
						<line hits="0" number="1724"/>
						<line hits="0" number="1725"/>
						<line hits="1" number="1727"/>
						<line hits="0" number="1728"/>
						<line hits="0" number="1752"/>
						<line hits="0" number="1753"/>
						<line hits="0" number="1754"/>
						<line hits="1" number="1756"/>
						<line hits="0" number="1757"/>
						<line hits="0" number="1830"/>
						<line hits="0" number="1831"/>
						<line hits="0" number="1834"/>
						<line hits="0" number="1837"/>
						<line hits="0" number="1840"/>
						<line hits="0" number="1843"/>
						<line hits="0" number="1846"/>
						<line hits="1" number="1850"/>
						<line hits="1" number="1853"/>
						<line hits="0" number="1855"/>
						<line hits="0" number="1877"/>
						<line hits="0" number="1878"/>
						<line hits="0" number="1879"/>
						<line hits="1" number="1881"/>
						<line hits="0" number="1882"/>
						<line hits="0" number="1888"/>
						<line hits="0" number="1889"/>
						<line hits="1" number="1891"/>
						<line hits="0" number="1894"/>
						<line hits="0" number="1912"/>
						<line hits="0" number="1913"/>
						<line hits="0" number="1914"/>
						<line hits="0" number="1915"/>
						<line hits="0" number="1916"/>
						<line hits="0" number="1917"/>
						<line hits="1" number="1919"/>
						<line hits="1" number="1921"/>
						<line hits="0" number="1923"/>
						<line hits="0" number="1932"/>
						<line hits="0" number="1933"/>
						<line hits="0" number="1934"/>
						<line hits="0" number="1935"/>
						<line hits="1" number="1937"/>
						<line hits="0" number="1939"/>
						<line hits="0" number="1948"/>
						<line hits="0" number="1949"/>
						<line hits="0" number="1950"/>
						<line hits="0" number="1951"/>
						<line hits="0" number="1952"/>
						<line hits="0" number="1953"/>
					</lines>
				</class>
				<class branch-rate="0.0" complexity="0.0" filename="whiteutils.py" line-rate="0.918918918919" name="whiteutils">
					<methods/>
					<lines>
						<line hits="1" number="7"/>
						<line hits="1" number="9"/>
						<line hits="1" number="14"/>
						<line hits="1" number="16"/>
						<line hits="1" number="20"/>
						<line hits="1" number="24"/>
						<line hits="1" number="25"/>
						<line hits="1" number="26"/>
						<line hits="0" number="27"/>
						<line hits="0" number="28"/>
						<line hits="1" number="29"/>
						<line hits="1" number="31"/>
						<line hits="1" number="36"/>
						<line hits="1" number="37"/>
						<line hits="1" number="38"/>
						<line hits="1" number="39"/>
						<line hits="1" number="40"/>
						<line hits="1" number="41"/>
						<line hits="1" number="42"/>
						<line hits="1" number="43"/>
						<line hits="1" number="44"/>
						<line hits="1" number="45"/>
						<line hits="1" number="46"/>
						<line hits="1" number="48"/>
						<line hits="1" number="51"/>
						<line hits="0" number="52"/>
						<line hits="1" number="53"/>
						<line hits="1" number="54"/>
						<line hits="1" number="55"/>
						<line hits="1" number="56"/>
						<line hits="1" number="57"/>
						<line hits="1" number="58"/>
						<line hits="1" number="59"/>
						<line hits="1" number="60"/>
						<line hits="1" number="61"/>
						<line hits="1" number="62"/>
						<line hits="1" number="63"/>
					</lines>
				</class>
			</classes>
		</package>
		<package branch-rate="0.0" complexity="0.0" line-rate="0.398601398601" name="c:.ned.py">
			<classes>
				<class branch-rate="0.0" complexity="0.0" filename="path.py" line-rate="0.398601398601" name="path">
					<methods/>
					<lines>
						<line hits="1" number="32"/>
						<line hits="1" number="34"/>
						<line hits="1" number="36"/>
						<line hits="1" number="37"/>
						<line hits="1" number="40"/>
						<line hits="1" number="41"/>
						<line hits="1" number="42"/>
						<line hits="1" number="43"/>
						<line hits="0" number="44"/>
						<line hits="0" number="45"/>
						<line hits="1" number="48"/>
						<line hits="1" number="49"/>
						<line hits="0" number="50"/>
						<line hits="0" number="51"/>
						<line hits="1" number="54"/>
						<line hits="1" number="55"/>
						<line hits="1" number="56"/>
						<line hits="1" number="59"/>
						<line hits="1" number="68"/>
						<line hits="0" number="69"/>
						<line hits="1" number="72"/>
						<line hits="0" number="73"/>
						<line hits="1" number="75"/>
						<line hits="0" number="76"/>
						<line hits="1" number="79"/>
						<line hits="0" number="85"/>
						<line hits="1" number="88"/>
						<line hits="1" number="90"/>
						<line hits="0" number="92"/>
						<line hits="1" number="93"/>
						<line hits="1" number="98"/>
						<line hits="1" number="99"/>
						<line hits="1" number="100"/>
						<line hits="1" number="101"/>
						<line hits="1" number="102"/>
						<line hits="1" number="103"/>
						<line hits="1" number="104"/>
						<line hits="1" number="105"/>
						<line hits="1" number="107"/>
						<line hits="0" number="114"/>
						<line hits="1" number="116"/>
						<line hits="0" number="117"/>
						<line hits="0" number="118"/>
						<line hits="1" number="120"/>
						<line hits="0" number="121"/>
						<line hits="0" number="122"/>
						<line hits="1" number="124"/>
						<line hits="0" number="125"/>
						<line hits="0" number="126"/>
						<line hits="1" number="128"/>
						<line hits="1" number="135"/>
						<line hits="1" number="142"/>
						<line hits="1" number="150"/>
						<line hits="1" number="154"/>
						<line hits="1" number="160"/>
						<line hits="0" number="162"/>
						<line hits="0" number="163"/>
						<line hits="1" number="165"/>
						<line hits="0" number="172"/>
						<line hits="0" number="173"/>
						<line hits="1" number="175"/>
						<line hits="0" number="189"/>
						<line hits="0" number="190"/>
						<line hits="1" number="192"/>
						<line hits="0" number="198"/>
						<line hits="1" number="200"/>
						<line hits="1" number="201"/>
						<line hits="0" number="202"/>
						<line hits="0" number="203"/>
						<line hits="1" number="205"/>
						<line hits="0" number="206"/>
						<line hits="0" number="207"/>
						<line hits="1" number="209"/>
						<line hits="1" number="214"/>
						<line hits="0" number="219"/>
						<line hits="1" number="221"/>
						<line hits="0" number="231"/>
						<line hits="0" number="232"/>
						<line hits="0" number="233"/>
						<line hits="0" number="234"/>
						<line hits="0" number="235"/>
						<line hits="0" number="236"/>
						<line hits="0" number="237"/>
						<line hits="0" number="238"/>
						<line hits="0" number="239"/>
						<line hits="0" number="240"/>
						<line hits="0" number="241"/>
						<line hits="1" number="243"/>
						<line hits="0" number="247"/>
						<line hits="0" number="248"/>
						<line hits="1" number="250"/>
						<line hits="0" number="257"/>
						<line hits="0" number="258"/>
						<line hits="0" number="260"/>
						<line hits="0" number="262"/>
						<line hits="0" number="264"/>
						<line hits="0" number="266"/>
						<line hits="0" number="269"/>
						<line hits="0" number="270"/>
						<line hits="0" number="271"/>
						<line hits="0" number="272"/>
						<line hits="0" number="273"/>
						<line hits="0" number="278"/>
						<line hits="0" number="280"/>
						<line hits="0" number="281"/>
						<line hits="0" number="283"/>
						<line hits="0" number="285"/>
						<line hits="1" number="290"/>
						<line hits="0" number="301"/>
						<line hits="0" number="302"/>
						<line hits="0" number="303"/>
						<line hits="0" number="304"/>
						<line hits="1" number="306"/>
						<line hits="0" number="317"/>
						<line hits="1" number="319"/>
						<line hits="0" number="330"/>
						<line hits="1" number="332"/>
						<line hits="0" number="342"/>
						<line hits="0" number="343"/>
						<line hits="0" number="344"/>
						<line hits="0" number="345"/>
						<line hits="0" number="346"/>
						<line hits="0" number="347"/>
						<line hits="1" number="349"/>
						<line hits="0" number="357"/>
						<line hits="0" number="358"/>
						<line hits="0" number="359"/>
						<line hits="0" number="360"/>
						<line hits="0" number="361"/>
						<line hits="1" number="363"/>
						<line hits="0" number="371"/>
						<line hits="0" number="372"/>
						<line hits="0" number="373"/>
						<line hits="0" number="374"/>
						<line hits="0" number="375"/>
						<line hits="0" number="376"/>
						<line hits="0" number="377"/>
						<line hits="1" number="379"/>
						<line hits="0" number="385"/>
						<line hits="1" number="387"/>
						<line hits="0" number="395"/>
						<line hits="1" number="400"/>
						<line hits="0" number="402"/>
						<line hits="1" number="404"/>
						<line hits="0" number="406"/>
						<line hits="0" number="407"/>
						<line hits="0" number="408"/>
						<line hits="0" number="410"/>
						<line hits="1" number="412"/>
						<line hits="0" number="418"/>
						<line hits="0" number="419"/>
						<line hits="0" number="421"/>
						<line hits="0" number="422"/>
						<line hits="0" number="423"/>
						<line hits="0" number="424"/>
						<line hits="0" number="426"/>
						<line hits="1" number="428"/>
						<line hits="0" number="443"/>
						<line hits="0" number="445"/>
						<line hits="0" number="446"/>
						<line hits="0" number="447"/>
						<line hits="0" number="449"/>
						<line hits="0" number="452"/>
						<line hits="0" number="455"/>
						<line hits="0" number="456"/>
						<line hits="0" number="458"/>
						<line hits="0" number="459"/>
						<line hits="1" number="461"/>
						<line hits="0" number="495"/>
						<line hits="0" number="496"/>
						<line hits="0" number="497"/>
						<line hits="0" number="498"/>
						<line hits="0" number="499"/>
						<line hits="0" number="500"/>
						<line hits="0" number="502"/>
						<line hits="0" number="503"/>
						<line hits="0" number="505"/>
						<line hits="0" number="506"/>
						<line hits="0" number="507"/>
						<line hits="0" number="508"/>
						<line hits="0" number="510"/>
						<line hits="1" number="512"/>
						<line hits="0" number="529"/>
						<line hits="0" number="530"/>
						<line hits="0" number="531"/>
						<line hits="0" number="532"/>
						<line hits="0" number="534"/>
						<line hits="0" number="536"/>
						<line hits="1" number="538"/>
						<line hits="0" number="550"/>
						<line hits="0" number="551"/>
						<line hits="0" number="552"/>
						<line hits="0" number="553"/>
						<line hits="0" number="554"/>
						<line hits="0" number="555"/>
						<line hits="0" number="556"/>
						<line hits="0" number="557"/>
						<line hits="0" number="558"/>
						<line hits="0" number="559"/>
						<line hits="0" number="561"/>
						<line hits="1" number="566"/>
						<line hits="1" number="567"/>
						<line hits="1" number="568"/>
						<line hits="1" number="569"/>
						<line hits="1" number="570"/>
						<line hits="1" number="571"/>
						<line hits="1" number="573"/>
						<line hits="0" number="574"/>
						<line hits="1" number="576"/>
						<line hits="1" number="577"/>
						<line hits="1" number="581"/>
						<line hits="1" number="582"/>
						<line hits="1" number="586"/>
						<line hits="1" number="587"/>
						<line hits="1" number="588"/>
						<line hits="1" number="592"/>
						<line hits="1" number="593"/>
						<line hits="1" number="597"/>
						<line hits="1" number="598"/>
						<line hits="0" number="603"/>
						<line hits="1" number="605"/>
						<line hits="0" number="607"/>
						<line hits="1" number="609"/>
						<line hits="0" number="611"/>
						<line hits="1" number="613"/>
						<line hits="0" number="614"/>
						<line hits="0" number="616"/>
						<line hits="1" number="618"/>
						<line hits="0" number="619"/>
						<line hits="0" number="620"/>
						<line hits="1" number="625"/>
						<line hits="0" number="627"/>
						<line hits="1" number="629"/>
						<line hits="0" number="630"/>
						<line hits="1" number="632"/>
						<line hits="0" number="633"/>
						<line hits="0" number="634"/>
						<line hits="1" number="636"/>
						<line hits="0" number="637"/>
						<line hits="1" number="639"/>
						<line hits="0" number="640"/>
						<line hits="1" number="645"/>
						<line hits="0" number="646"/>
						<line hits="1" number="648"/>
						<line hits="0" number="649"/>
						<line hits="1" number="651"/>
						<line hits="0" number="652"/>
						<line hits="1" number="654"/>
						<line hits="0" number="655"/>
						<line hits="1" number="660"/>
						<line hits="0" number="664"/>
						<line hits="0" number="665"/>
						<line hits="0" number="666"/>
						<line hits="1" number="668"/>
						<line hits="0" number="669"/>
						<line hits="1" number="671"/>
						<line hits="0" number="672"/>
						<line hits="1" number="677"/>
						<line hits="0" number="678"/>
						<line hits="0" number="680"/>
						<line hits="1" number="682"/>
						<line hits="0" number="683"/>
						<line hits="0" number="685"/>
						<line hits="1" number="687"/>
						<line hits="0" number="688"/>
						<line hits="0" number="693"/>
						<line hits="0" number="695"/>
						<line hits="0" number="700"/>
						<line hits="0" number="701"/>
						<line hits="0" number="702"/>
						<line hits="0" number="704"/>
						<line hits="1" number="709"/>
						<line hits="1" number="710"/>
						<line hits="1" number="711"/>
						<line hits="1" number="712"/>
						<line hits="1" number="713"/>
						<line hits="1" number="714"/>
						<line hits="1" number="715"/>
						<line hits="1" number="716"/>
						<line hits="1" number="717"/>
						<line hits="1" number="722"/>
						<line hits="0" number="723"/>
						<line hits="0" number="724"/>
						<line hits="1" number="726"/>
						<line hits="1" number="727"/>
						<line hits="0" number="728"/>
					</lines>
				</class>
			</classes>
		</package>
	</packages>
</coverage>
